
> @raydenui/ui@0.8.0 build-storybook /Users/leslieisah/Rayden
> storybook build --output-dir=/var/folders/41/yxr1sd8s2sb_wfpl_vdcmj440000gn/T/chromatic--94910-MCNjQBIiHw73


[90m┌[39m  Building storybook v10.2.19
[90m│[39m
[32m◇[39m  Cleaning outputDir:
[90m│[39m  [36m../../../var/folders/41/yxr1sd8s2sb_wfpl_vdcmj440000gn/T/chromatic--94910-MCNjQBIiHw73[39m
[90m│[39m
[32m◇[39m  Loading presets
[90m│[39m
[32m◇[39m  Building manager..
[90m│[39m
[34m●[39m  Building preview..
[90m│[39m  [43mVite[49m [36mvite v7.3.1 [32mbuilding client environment for production...[36m[39m
[90m│[39m  [43mVite[49m transforming...
[90m│[39m  [43mVite[49m [32m✓[39m 284 modules transformed.
[90m│[39m  [43mVite[49m rendering chunks...
[90m│[39m  [43mVite[49m computing gzip size...
[90m│[39m  [43mVite[49m
[90m│[39m  [2m../../../var/folders/41/yxr1sd8s2sb_wfpl_vdcmj440000gn/T/chromatic--94910-MCNjQBIiHw73/[22m[32miframe.html[39m[1m[2m[22m
[90m│[39m  [2m18.41 kB[22m[1m[22m[2m │ gzip:   5.22 kB[22m
[90m│[39m  [43mVite[49m
[90m│[39m  [2m../../../var/folders/41/yxr1sd8s2sb_wfpl_vdcmj440000gn/T/chromatic--94910-MCNjQBIiHw73/[22m[2massets/[22m[35miframe-BZUMEOkJ.css[39m[1m[2m[22m
[90m│[39m  [2m75.66 kB[22m[1m[22m[2m │ gzip:  12.74 kB[22m
[90m│[39m  [43mVite[49m
[90m│[39m  [2m../../../var/folders/41/yxr1sd8s2sb_wfpl_vdcmj440000gn/T/chromatic--94910-MCNjQBIiHw73/[22m[2massets/[22m[36mindex-B2YMROHA.js[39m[1m[2m[22m
[90m│[39m  [2m0.13 kB[22m[1m[22m[2m │ gzip:   0.12 kB[22m
[90m│[39m  [43mVite[49m
[90m│[39m  [2m../../../var/folders/41/yxr1sd8s2sb_wfpl_vdcmj440000gn/T/chromatic--94910-MCNjQBIiHw73/[22m[2massets/[22m[36mformatter-EIJCOSYU-DZ-LWdQ-.js[39m[1m[2m[22m
[90m│[39m  [2m0.35 kB[22m[1m[22m[2m │ gzip:   0.26 kB[22m
[90m│[39m  [43mVite[49m
[90m│[39m  [2m../../../var/folders/41/yxr1sd8s2sb_wfpl_vdcmj440000gn/T/chromatic--94910-MCNjQBIiHw73/[22m[2massets/[22m[36mresolveIcon-A6QrUfMT.js[39m[1m[2m[22m
[90m│[39m  [2m0.44 kB[22m[1m[22m[2m │ gzip:   0.32 kB[22m
[90m│[39m  [43mVite[49m
[90m│[39m  [2m../../../var/folders/41/yxr1sd8s2sb_wfpl_vdcmj440000gn/T/chromatic--94910-MCNjQBIiHw73/[22m[2massets/[22m[36mindex-B1v0THfT.js[39m[1m[2m[22m
[90m│[39m  [2m0.46 kB[22m[1m[22m[2m │ gzip:   0.30 kB[22m
[90m│[39m  [43mVite[49m
[90m│[39m  [2m../../../var/folders/41/yxr1sd8s2sb_wfpl_vdcmj440000gn/T/chromatic--94910-MCNjQBIiHw73/[22m[2massets/[22m[36mjsx-runtime-u17CrQMm.js[39m[1m[2m[22m
[90m│[39m  [2m0.48 kB[22m[1m[22m[2m │ gzip:   0.31 kB[22m
[90m│[39m  [43mVite[49m
[90m│[39m  [2m../../../var/folders/41/yxr1sd8s2sb_wfpl_vdcmj440000gn/T/chromatic--94910-MCNjQBIiHw73/[22m[2massets/[22m[36mPagination.stories-D6TOQO7x.js[39m[1m[2m[22m
[90m│[39m  [2m1.20 kB[22m[1m[22m[2m │ gzip:   0.52 kB[22m
[90m│[39m  [43mVite[49m
[90m│[39m  [2m../../../var/folders/41/yxr1sd8s2sb_wfpl_vdcmj440000gn/T/chromatic--94910-MCNjQBIiHw73/[22m[2massets/[22m[36mpreload-helper-PPVm8Dsz.js[39m[1m[2m[22m
[90m│[39m  [2m1.23 kB[22m[1m[22m[2m │ gzip:   0.72 kB[22m
[90m│[39m  [43mVite[49m
[90m│[39m  [2m../../../var/folders/41/yxr1sd8s2sb_wfpl_vdcmj440000gn/T/chromatic--94910-MCNjQBIiHw73/[22m[2massets/[22m[36mCheckbox-C6kqhJG2.js[39m[1m[2m[22m
[90m│[39m  [2m1.75 kB[22m[1m[22m[2m │ gzip:   0.89 kB[22m
[90m│[39m  [43mVite[49m
[90m│[39m  [2m../../../var/folders/41/yxr1sd8s2sb_wfpl_vdcmj440000gn/T/chromatic--94910-MCNjQBIiHw73/[22m[2massets/[22m[36mPagination-BmUSqGCz.js[39m[1m[2m[22m
[90m│[39m  [2m2.66 kB[22m[1m[22m[2m │ gzip:   1.06 kB[22m
[90m│[39m  [43mVite[49m
[90m│[39m  [2m../../../var/folders/41/yxr1sd8s2sb_wfpl_vdcmj440000gn/T/chromatic--94910-MCNjQBIiHw73/[22m[2massets/[22m[36mTable-B89XtVJy.js[39m[1m[2m[22m
[90m│[39m  [2m2.90 kB[22m[1m[22m[2m │ gzip:   1.08 kB[22m
[90m│[39m  [43mVite[49m
[90m│[39m  [2m../../../var/folders/41/yxr1sd8s2sb_wfpl_vdcmj440000gn/T/chromatic--94910-MCNjQBIiHw73/[22m[2massets/[22m[36mProgressCircle-BIg6euBh.js[39m[1m[2m[22m
[90m│[39m  [2m3.07 kB[22m[1m[22m[2m │ gzip:   1.12 kB[22m
[90m│[39m  [43mVite[49m
[90m│[39m  [2m../../../var/folders/41/yxr1sd8s2sb_wfpl_vdcmj440000gn/T/chromatic--94910-MCNjQBIiHw73/[22m[2massets/[22m[36mProgressBar-BQAjcCB7.js[39m[1m[2m[22m
[90m│[39m  [2m3.34 kB[22m[1m[22m[2m │ gzip:   1.23 kB[22m
[90m│[39m  [43mVite[49m
[90m│[39m  [2m../../../var/folders/41/yxr1sd8s2sb_wfpl_vdcmj440000gn/T/chromatic--94910-MCNjQBIiHw73/[22m[2massets/[22m[36mindex-DblAPTMq.js[39m[1m[2m[22m
[90m│[39m  [2m3.66 kB[22m[1m[22m[2m │ gzip:   1.38 kB[22m
[90m│[39m  [43mVite[49m
[90m│[39m  [2m../../../var/folders/41/yxr1sd8s2sb_wfpl_vdcmj440000gn/T/chromatic--94910-MCNjQBIiHw73/[22m[2massets/[22m[36mProgressCircle.stories-BUc9ZGno.js[39m[1m[2m[22m
[90m│[39m  [2m4.30 kB[22m[1m[22m[2m │ gzip:   0.90 kB[22m
[90m│[39m  [43mVite[49m
[90m│[39m  [2m../../../var/folders/41/yxr1sd8s2sb_wfpl_vdcmj440000gn/T/chromatic--94910-MCNjQBIiHw73/[22m[2massets/[22m[36mQuickSendBlock.stories-D8DLBXsS.js[39m[1m[2m[22m
[90m│[39m  [2m4.38 kB[22m[1m[22m[2m │ gzip:   1.60 kB[22m
[90m│[39m  [43mVite[49m
[90m│[39m  [2m../../../var/folders/41/yxr1sd8s2sb_wfpl_vdcmj440000gn/T/chromatic--94910-MCNjQBIiHw73/[22m[2massets/[22m[36mDivider.stories-gUT1g8Zf.js[39m[1m[2m[22m
[90m│[39m  [2m4.46 kB[22m[1m[22m[2m │ gzip:   1.04 kB[22m
[90m│[39m  [43mVite[49m
[90m│[39m  [2m../../../var/folders/41/yxr1sd8s2sb_wfpl_vdcmj440000gn/T/chromatic--94910-MCNjQBIiHw73/[22m[2massets/[22m[36mRecentTransactionsBlock.stories-7t45VRau.js[39m[1m[2m[22m
[90m│[39m  [2m4.72 kB[22m[1m[22m[2m │ gzip:   1.51 kB[22m
[90m│[39m  [43mVite[49m
[90m│[39m  [2m../../../var/folders/41/yxr1sd8s2sb_wfpl_vdcmj440000gn/T/chromatic--94910-MCNjQBIiHw73/[22m[2massets/[22m[36mEmptyStateBlock.stories-BayPotNh.js[39m[1m[2m[22m
[90m│[39m  [2m4.75 kB[22m[1m[22m[2m │ gzip:   1.65 kB[22m
[90m│[39m  [43mVite[49m
[90m│[39m  [2m../../../var/folders/41/yxr1sd8s2sb_wfpl_vdcmj440000gn/T/chromatic--94910-MCNjQBIiHw73/[22m[2massets/[22m[36mIcon.stories-BsPg6ab8.js[39m[1m[2m[22m
[90m│[39m  [2m4.86 kB[22m[1m[22m[2m │ gzip:   1.20 kB[22m
[90m│[39m  [43mVite[49m
[90m│[39m  [2m../../../var/folders/41/yxr1sd8s2sb_wfpl_vdcmj440000gn/T/chromatic--94910-MCNjQBIiHw73/[22m[2massets/[22m[36mProgressBar.stories-C2n75Iy7.js[39m[1m[2m[22m
[90m│[39m  [2m5.24 kB[22m[1m[22m[2m │ gzip:   1.18 kB[22m
[90m│[39m  [43mVite[49m
[90m│[39m  [2m../../../var/folders/41/yxr1sd8s2sb_wfpl_vdcmj440000gn/T/chromatic--94910-MCNjQBIiHw73/[22m[2massets/[22m[36mFormControl.stories-62x9xFID.js[39m[1m[2m[22m
[90m│[39m  [2m5.69 kB[22m[1m[22m[2m │ gzip:   1.47 kB[22m
[90m│[39m  [43mVite[49m
[90m│[39m  [2m../../../var/folders/41/yxr1sd8s2sb_wfpl_vdcmj440000gn/T/chromatic--94910-MCNjQBIiHw73/[22m[2massets/[22m[36mEmptyStateIllustration.stories-Do_tisFY.js[39m[1m[2m[22m
[90m│[39m  [2m6.09 kB[22m[1m[22m[2m │ gzip:   1.03 kB[22m
[90m│[39m  [43mVite[49m
[90m│[39m  [2m../../../var/folders/41/yxr1sd8s2sb_wfpl_vdcmj440000gn/T/chromatic--94910-MCNjQBIiHw73/[22m[2massets/[22m[36mTableBlock.stories-zXf8g10F.js[39m[1m[2m[22m
[90m│[39m  [2m6.09 kB[22m[1m[22m[2m │ gzip:   2.01 kB[22m
[90m│[39m  [43mVite[49m
[90m│[39m  [2m../../../var/folders/41/yxr1sd8s2sb_wfpl_vdcmj440000gn/T/chromatic--94910-MCNjQBIiHw73/[22m[2massets/[22m[36mBadge.stories-4k_43-eX.js[39m[1m[2m[22m
[90m│[39m  [2m6.29 kB[22m[1m[22m[2m │ gzip:   1.24 kB[22m
[90m│[39m  [43mVite[49m
[90m│[39m  [2m../../../var/folders/41/yxr1sd8s2sb_wfpl_vdcmj440000gn/T/chromatic--94910-MCNjQBIiHw73/[22m[2massets/[22m[36mAvatar.stories-B_UaJ9-v.js[39m[1m[2m[22m
[90m│[39m  [2m6.51 kB[22m[1m[22m[2m │ gzip:   1.38 kB[22m
[90m│[39m  [43mVite[49m
[90m│[39m  [2m../../../var/folders/41/yxr1sd8s2sb_wfpl_vdcmj440000gn/T/chromatic--94910-MCNjQBIiHw73/[22m[2massets/[22m[36mBreadcrumb.stories-Czo4ixr_.js[39m[1m[2m[22m
[90m│[39m  [2m6.85 kB[22m[1m[22m[2m │ gzip:   1.89 kB[22m
[90m│[39m  [43mVite[49m
[90m│[39m  [2m../../../var/folders/41/yxr1sd8s2sb_wfpl_vdcmj440000gn/T/chromatic--94910-MCNjQBIiHw73/[22m[2massets/[22m[36mButton.stories-aornyc0F.js[39m[1m[2m[22m
[90m│[39m  [2m7.68 kB[22m[1m[22m[2m │ gzip:   1.47 kB[22m
[90m│[39m  [43mVite[49m
[90m│[39m  [2m../../../var/folders/41/yxr1sd8s2sb_wfpl_vdcmj440000gn/T/chromatic--94910-MCNjQBIiHw73/[22m[2massets/[22m[36mTooltip.stories-O-samL50.js[39m[1m[2m[22m
[90m│[39m  [2m8.00 kB[22m[1m[22m[2m │ gzip:   2.15 kB[22m
[90m│[39m  [43mVite[49m
[90m│[39m  [2m../../../var/folders/41/yxr1sd8s2sb_wfpl_vdcmj440000gn/T/chromatic--94910-MCNjQBIiHw73/[22m[2massets/[22m[36mNotificationsBlock.stories-DIdSNDgX.js[39m[1m[2m[22m
[90m│[39m  [2m8.17 kB[22m[1m[22m[2m │ gzip:   1.91 kB[22m
[90m│[39m  [43mVite[49m
[90m│[39m  [2m../../../var/folders/41/yxr1sd8s2sb_wfpl_vdcmj440000gn/T/chromatic--94910-MCNjQBIiHw73/[22m[2massets/[22m[36mLoginBlock.stories-BJhBEEal.js[39m[1m[2m[22m
[90m│[39m  [2m9.39 kB[22m[1m[22m[2m │ gzip:   2.95 kB[22m
[90m│[39m  [43mVite[49m
[90m│[39m  [2m../../../var/folders/41/yxr1sd8s2sb_wfpl_vdcmj440000gn/T/chromatic--94910-MCNjQBIiHw73/[22m[2massets/[22m[36mCounter.stories-Db1Vk7V-.js[39m[1m[2m[22m
[90m│[39m  [2m10.50 kB[22m[1m[22m[2m │ gzip:   2.56 kB[22m
[90m│[39m  [43mVite[49m
[90m│[39m  [2m../../../var/folders/41/yxr1sd8s2sb_wfpl_vdcmj440000gn/T/chromatic--94910-MCNjQBIiHw73/[22m[2massets/[22m[36mSpinner.stories-BBBF90WA.js[39m[1m[2m[22m
[90m│[39m  [2m11.00 kB[22m[1m[22m[2m │ gzip:   2.56 kB[22m
[90m│[39m  [43mVite[49m
[90m│[39m  [2m../../../var/folders/41/yxr1sd8s2sb_wfpl_vdcmj440000gn/T/chromatic--94910-MCNjQBIiHw73/[22m[2massets/[22m[36mInput.stories-BD-FuXPS.js[39m[1m[2m[22m
[90m│[39m  [2m11.06 kB[22m[1m[22m[2m │ gzip:   1.94 kB[22m
[90m│[39m  [43mVite[49m
[90m│[39m  [2m../../../var/folders/41/yxr1sd8s2sb_wfpl_vdcmj440000gn/T/chromatic--94910-MCNjQBIiHw73/[22m[2massets/[22m[36mSlider.stories-DV6j3kns.js[39m[1m[2m[22m
[90m│[39m  [2m11.56 kB[22m[1m[22m[2m │ gzip:   2.99 kB[22m
[90m│[39m  [43mVite[49m
[90m│[39m  [2m../../../var/folders/41/yxr1sd8s2sb_wfpl_vdcmj440000gn/T/chromatic--94910-MCNjQBIiHw73/[22m[2massets/[22m[36mModal.stories-BVEER05X.js[39m[1m[2m[22m
[90m│[39m  [2m11.59 kB[22m[1m[22m[2m │ gzip:   3.13 kB[22m
[90m│[39m  [43mVite[49m
[90m│[39m  [2m../../../var/folders/41/yxr1sd8s2sb_wfpl_vdcmj440000gn/T/chromatic--94910-MCNjQBIiHw73/[22m[2massets/[22m[36mStepper.stories-8uNiHdPi.js[39m[1m[2m[22m
[90m│[39m  [2m11.68 kB[22m[1m[22m[2m │ gzip:   2.79 kB[22m
[90m│[39m  [43mVite[49m
[90m│[39m  [2m../../../var/folders/41/yxr1sd8s2sb_wfpl_vdcmj440000gn/T/chromatic--94910-MCNjQBIiHw73/[22m[2massets/[22m[36mSearchableTableBlock.stories-lqhH6cTT.js[39m[1m[2m[22m
[90m│[39m  [2m11.96 kB[22m[1m[22m[2m │ gzip:   3.85 kB[22m
[90m│[39m  [43mVite[49m
[90m│[39m  [2m../../../var/folders/41/yxr1sd8s2sb_wfpl_vdcmj440000gn/T/chromatic--94910-MCNjQBIiHw73/[22m[2massets/[22m[36mDatePicker.stories-BbMZk1XS.js[39m[1m[2m[22m
[90m│[39m  [2m13.13 kB[22m[1m[22m[2m │ gzip:   3.72 kB[22m
[90m│[39m  [43mVite[49m
[90m│[39m  [2m../../../var/folders/41/yxr1sd8s2sb_wfpl_vdcmj440000gn/T/chromatic--94910-MCNjQBIiHw73/[22m[2massets/[22m[36mActivityFeed.stories-CP7ka4VS.js[39m[1m[2m[22m
[90m│[39m  [2m14.21 kB[22m[1m[22m[2m │ gzip:   2.23 kB[22m
[90m│[39m  [43mVite[49m
[90m│[39m  [2m../../../var/folders/41/yxr1sd8s2sb_wfpl_vdcmj440000gn/T/chromatic--94910-MCNjQBIiHw73/[22m[2massets/[22m[36mHeaderBlock.stories-B_HzdltB.js[39m[1m[2m[22m
[90m│[39m  [2m16.87 kB[22m[1m[22m[2m │ gzip:   3.70 kB[22m
[90m│[39m  [43mVite[49m
[90m│[39m  [2m../../../var/folders/41/yxr1sd8s2sb_wfpl_vdcmj440000gn/T/chromatic--94910-MCNjQBIiHw73/[22m[2massets/[22m[36mTable.stories-BB6MCzGq.js[39m[1m[2m[22m
[90m│[39m  [2m17.96 kB[22m[1m[22m[2m │ gzip:   3.22 kB[22m
[90m│[39m  [43mVite[49m
[90m│[39m  [2m../../../var/folders/41/yxr1sd8s2sb_wfpl_vdcmj440000gn/T/chromatic--94910-MCNjQBIiHw73/[22m[2massets/[22m[36mButton-D6QF8a-Z.js[39m[1m[2m[22m
[90m│[39m  [2m25.14 kB[22m[1m[22m[2m │ gzip:   4.70 kB[22m
[90m│[39m  [43mVite[49m
[90m│[39m  [2m../../../var/folders/41/yxr1sd8s2sb_wfpl_vdcmj440000gn/T/chromatic--94910-MCNjQBIiHw73/[22m[2massets/[22m[36mChip.stories-VIBJYnxp.js[39m[1m[2m[22m
[90m│[39m  [2m25.22 kB[22m[1m[22m[2m │ gzip:   4.90 kB[22m
[90m│[39m  [43mVite[49m
[90m│[39m  [2m../../../var/folders/41/yxr1sd8s2sb_wfpl_vdcmj440000gn/T/chromatic--94910-MCNjQBIiHw73/[22m[2massets/[22m[36mAvatar-Cqjb2Cyv.js[39m[1m[2m[22m
[90m│[39m  [2m25.66 kB[22m[1m[22m[2m │ gzip:   5.21 kB[22m
[90m│[39m  [43mVite[49m
[90m│[39m  [2m../../../var/folders/41/yxr1sd8s2sb_wfpl_vdcmj440000gn/T/chromatic--94910-MCNjQBIiHw73/[22m[2massets/[22m[36mcn-C8nBGPD0.js[39m[1m[2m[22m
[90m│[39m  [2m26.68 kB[22m[1m[22m[2m │ gzip:   8.39 kB[22m
[90m│[39m  [43mVite[49m
[90m│[39m  [2m../../../var/folders/41/yxr1sd8s2sb_wfpl_vdcmj440000gn/T/chromatic--94910-MCNjQBIiHw73/[22m[36mvite-inject-mocker-entry.js[39m[1m[2m[22m
[90m│[39m  [2m28.11 kB[22m[1m[22m[2m │ gzip:   9.77 kB[22m
[90m│[39m  [43mVite[49m
[90m│[39m  [2m../../../var/folders/41/yxr1sd8s2sb_wfpl_vdcmj440000gn/T/chromatic--94910-MCNjQBIiHw73/[22m[2massets/[22m[36mmatchers-5TDFFDYO-HJu_DfWo.js[39m[1m[2m[22m
[90m│[39m  [2m29.23 kB[22m[1m[22m[2m │ gzip:  10.00 kB[22m
[90m│[39m  [43mVite[49m
[90m│[39m  [2m../../../var/folders/41/yxr1sd8s2sb_wfpl_vdcmj440000gn/T/chromatic--94910-MCNjQBIiHw73/[22m[2massets/[22m[36mColor-6BZIO3FS-QYBPxHjR.js[39m[1m[2m[22m
[90m│[39m  [2m30.03 kB[22m[1m[22m[2m │ gzip:  11.28 kB[22m
[90m│[39m  [43mVite[49m
[90m│[39m  [2m../../../var/folders/41/yxr1sd8s2sb_wfpl_vdcmj440000gn/T/chromatic--94910-MCNjQBIiHw73/[22m[2massets/[22m[36mAlert.stories-CMT64r3L.js[39m[1m[2m[22m
[90m│[39m  [2m31.20 kB[22m[1m[22m[2m │ gzip:   5.79 kB[22m
[90m│[39m  [43mVite[49m
[90m│[39m  [2m../../../var/folders/41/yxr1sd8s2sb_wfpl_vdcmj440000gn/T/chromatic--94910-MCNjQBIiHw73/[22m[2massets/[22m[36mActivityContent-CgkrjUrm.js[39m[1m[2m[22m
[90m│[39m  [2m31.28 kB[22m[1m[22m[2m │ gzip:   6.14 kB[22m
[90m│[39m  [43mVite[49m
[90m│[39m  [2m../../../var/folders/41/yxr1sd8s2sb_wfpl_vdcmj440000gn/T/chromatic--94910-MCNjQBIiHw73/[22m[2massets/[22m[36mWithTooltip-65CFNBJE-TrmmCvBh.js[39m[1m[2m[22m
[90m│[39m  [2m33.17 kB[22m[1m[22m[2m │ gzip:  11.65 kB[22m
[90m│[39m  [43mVite[49m
[90m│[39m  [2m../../../var/folders/41/yxr1sd8s2sb_wfpl_vdcmj440000gn/T/chromatic--94910-MCNjQBIiHw73/[22m[2massets/[22m[36mBanner.stories-CchfdHIe.js[39m[1m[2m[22m
[90m│[39m  [2m33.55 kB[22m[1m[22m[2m │ gzip:   6.05 kB[22m
[90m│[39m  [43mVite[49m
[90m│[39m  [2m../../../var/folders/41/yxr1sd8s2sb_wfpl_vdcmj440000gn/T/chromatic--94910-MCNjQBIiHw73/[22m[2massets/[22m[36mAccordion.stories-Dtyn9reO.js[39m[1m[2m[22m
[90m│[39m  [2m37.38 kB[22m[1m[22m[2m │ gzip:   6.75 kB[22m
[90m│[39m  [43mVite[49m
[90m│[39m  [2m../../../var/folders/41/yxr1sd8s2sb_wfpl_vdcmj440000gn/T/chromatic--94910-MCNjQBIiHw73/[22m[2massets/[22m[36mTabs.stories-BE02Qa38.js[39m[1m[2m[22m
[90m│[39m  [2m38.38 kB[22m[1m[22m[2m │ gzip:   6.57 kB[22m
[90m│[39m  [43mVite[49m
[90m│[39m  [2m../../../var/folders/41/yxr1sd8s2sb_wfpl_vdcmj440000gn/T/chromatic--94910-MCNjQBIiHw73/[22m[2massets/[22m[36mSelect.stories-BhD1qXK3.js[39m[1m[2m[22m
[90m│[39m  [2m39.12 kB[22m[1m[22m[2m │ gzip:   7.94 kB[22m
[90m│[39m  [43mVite[49m
[90m│[39m  [2m../../../var/folders/41/yxr1sd8s2sb_wfpl_vdcmj440000gn/T/chromatic--94910-MCNjQBIiHw73/[22m[2massets/[22m[36mFileUpload.stories-CU_dLd0P.js[39m[1m[2m[22m
[90m│[39m  [2m41.10 kB[22m[1m[22m[2m │ gzip:  12.19 kB[22m
[90m│[39m  [43mVite[49m
[90m│[39m  [2m../../../var/folders/41/yxr1sd8s2sb_wfpl_vdcmj440000gn/T/chromatic--94910-MCNjQBIiHw73/[22m[2massets/[22m[36mMetricsCard.stories-wpW_FDwL.js[39m[1m[2m[22m
[90m│[39m  [2m41.90 kB[22m[1m[22m[2m │ gzip:   6.54 kB[22m
[90m│[39m  [43mVite[49m
[90m│[39m  [2m../../../var/folders/41/yxr1sd8s2sb_wfpl_vdcmj440000gn/T/chromatic--94910-MCNjQBIiHw73/[22m[2massets/[22m[36mDropdownMenu.stories-CrSniT2J.js[39m[1m[2m[22m
[90m│[39m  [2m41.91 kB[22m[1m[22m[2m │ gzip:   7.72 kB[22m
[90m│[39m  [43mVite[49m
[90m│[39m  [2m../../../var/folders/41/yxr1sd8s2sb_wfpl_vdcmj440000gn/T/chromatic--94910-MCNjQBIiHw73/[22m[2massets/[22m[36mSidebarMenu.stories-BrvXM4Pi.js[39m[1m[2m[22m
[90m│[39m  [2m44.31 kB[22m[1m[22m[2m │ gzip:   8.21 kB[22m
[90m│[39m  [43mVite[49m
[90m│[39m  [2m../../../var/folders/41/yxr1sd8s2sb_wfpl_vdcmj440000gn/T/chromatic--94910-MCNjQBIiHw73/[22m[2massets/[22m[36mBadge-BvrDwkDA.js[39m[1m[2m[22m
[90m│[39m  [2m44.32 kB[22m[1m[22m[2m │ gzip:   4.64 kB[22m
[90m│[39m  [43mVite[49m
[90m│[39m  [2m../../../var/folders/41/yxr1sd8s2sb_wfpl_vdcmj440000gn/T/chromatic--94910-MCNjQBIiHw73/[22m[2massets/[22m[36mDivider-D-3QeMlV.js[39m[1m[2m[22m
[90m│[39m  [2m44.62 kB[22m[1m[22m[2m │ gzip:   4.67 kB[22m
[90m│[39m  [43mVite[49m
[90m│[39m  [2m../../../var/folders/41/yxr1sd8s2sb_wfpl_vdcmj440000gn/T/chromatic--94910-MCNjQBIiHw73/[22m[2massets/[22m[36mButtonGroup.stories-D9lVZ5Xb.js[39m[1m[2m[22m
[90m│[39m  [2m46.14 kB[22m[1m[22m[2m │ gzip:   5.02 kB[22m
[90m│[39m  [43mVite[49m
[90m│[39m  [2m../../../var/folders/41/yxr1sd8s2sb_wfpl_vdcmj440000gn/T/chromatic--94910-MCNjQBIiHw73/[22m[2massets/[22m[36mInput-DPE2nqT4.js[39m[1m[2m[22m
[90m│[39m  [2m46.58 kB[22m[1m[22m[2m │ gzip:   5.25 kB[22m
[90m│[39m  [43mVite[49m
[90m│[39m  [2m../../../var/folders/41/yxr1sd8s2sb_wfpl_vdcmj440000gn/T/chromatic--94910-MCNjQBIiHw73/[22m[2massets/[22m[36msyntaxhighlighter-ED5Y7EFY-BHHE75Eu.js[39m[1m[2m[22m
[90m│[39m  [2m78.15 kB[22m[1m[22m[2m │ gzip:  27.09 kB[22m
[90m│[39m  [43mVite[49m
[90m│[39m  [2m../../../var/folders/41/yxr1sd8s2sb_wfpl_vdcmj440000gn/T/chromatic--94910-MCNjQBIiHw73/[22m[2massets/[22m[36mreact-18-B50fnAVz.js[39m[1m[2m[22m
[90m│[39m  [2m181.13 kB[22m[1m[22m[2m │ gzip:  56.97 kB[22m
[90m│[39m  [43mVite[49m
[90m│[39m  [2m../../../var/folders/41/yxr1sd8s2sb_wfpl_vdcmj440000gn/T/chromatic--94910-MCNjQBIiHw73/[22m[2massets/[22m[36mChart.stories-IcgpLSjO.js[39m[1m[2m[22m
[90m│[39m  [2m211.14 kB[22m[1m[22m[2m │ gzip:  71.42 kB[22m
[90m│[39m  [43mVite[49m
[90m│[39m  [2m../../../var/folders/41/yxr1sd8s2sb_wfpl_vdcmj440000gn/T/chromatic--94910-MCNjQBIiHw73/[22m[2massets/[22m[36maxe-DWmPbu20.js[39m[1m[33m[39m
[90m│[39m  [33m579.70 kB[39m[22m[2m │ gzip: 159.23 kB[22m
[90m│[39m  [43mVite[49m
[90m│[39m  [2m../../../var/folders/41/yxr1sd8s2sb_wfpl_vdcmj440000gn/T/chromatic--94910-MCNjQBIiHw73/[22m[2massets/[22m[36mDocsRenderer-LL677BLK-abmSNyw-.js[39m[1m[33m[39m
[90m│[39m  [33m803.38 kB[39m[22m[2m │ gzip: 255.58 kB[22m
[90m│[39m  [43mVite[49m
[90m│[39m  [2m../../../var/folders/41/yxr1sd8s2sb_wfpl_vdcmj440000gn/T/chromatic--94910-MCNjQBIiHw73/[22m[2massets/[22m[36mIcon-yhecGDhh.js[39m[1m[33m[39m
[90m│[39m  [33m925.20 kB[39m[22m[2m │ gzip: 254.64 kB[22m
[90m│[39m  [43mVite[49m
[90m│[39m  [2m../../../var/folders/41/yxr1sd8s2sb_wfpl_vdcmj440000gn/T/chromatic--94910-MCNjQBIiHw73/[22m[2massets/[22m[36miframe-DdNh5B7B.js[39m
[90m│[39m  [36m[39m[1m[33m1,136.58 kB[39m[22m[2m │ gzip: 323.53 kB[22m
[90m│[39m  [43mVite[49m
[90m│[39m  [2m../../../var/folders/41/yxr1sd8s2sb_wfpl_vdcmj440000gn/T/chromatic--94910-MCNjQBIiHw73/[22m[2massets/[22m[36mEmptyStateIllustration-B2PSmz3D.js[39m
[90m│[39m  [36m[39m[1m[33m2,427.41 kB[39m[22m[2m │ gzip: 865.02 kB[22m
[90m│[39m
[33m▲[39m  [43mVite[49m[33m
[90m│[39m  (!) Some chunks are larger than 500 kB after minification. Consider:
[90m│[39m  - Using dynamic import() to code-split the application
[90m│[39m  - Use build.rollupOptions.output.manualChunks to improve chunking:
[90m│[39m  ]8;;https://rollupjs.org/configuration-options/#output-manualchunkshttps://rollupjs.org/configuration-options/#output-manualchunks]8;;
[90m│[39m  - Adjust chunk size limit for this warning via
[90m│[39m  build.chunkSizeWarningLimit.[39m
[90m│[39m  [43mVite[49m [32m✓ built in 4.78s[39m
[90m│[39m
[32m◇[39m  Output directory:
[90m│[39m  /var/folders/41/yxr1sd8s2sb_wfpl_vdcmj440000gn/T/chromatic--94910-MCNjQBIiHw73
[90m│[39m
[90m└[39m  Storybook build completed successfully

